0 info it worked if it ends with ok
1 verbose cli [ '/usr/local/bin/node',
1 verbose cli   '/usr/local/bin/npm',
1 verbose cli   'install',
1 verbose cli   '-g',
1 verbose cli   'requirejs' ]
2 info using npm@2.9.1
3 info using node@v0.12.3
4 verbose install initial load of /usr/local/lib/package.json
5 verbose readDependencies loading dependencies from /usr/local/lib/package.json
6 silly cache add args [ 'requirejs', null ]
7 verbose cache add spec requirejs
8 silly cache add parsed spec { raw: 'requirejs',
8 silly cache add   scope: null,
8 silly cache add   name: 'requirejs',
8 silly cache add   rawSpec: '',
8 silly cache add   spec: '*',
8 silly cache add   type: 'range' }
9 silly addNamed requirejs@*
10 verbose addNamed "*" is a valid semver range for requirejs
11 silly addNameRange { name: 'requirejs', range: '*', hasData: false }
12 silly mapToRegistry name requirejs
13 silly mapToRegistry using default registry
14 silly mapToRegistry registry https://registry.npmjs.org/
15 silly mapToRegistry uri https://registry.npmjs.org/requirejs
16 verbose addNameRange registry:https://registry.npmjs.org/requirejs not in flight; fetching
17 verbose request uri https://registry.npmjs.org/requirejs
18 verbose request no auth needed
19 info attempt registry request try #1 at 09:06:45
20 verbose request id 1ae3558b38a07243
21 http request GET https://registry.npmjs.org/requirejs
22 http 200 https://registry.npmjs.org/requirejs
23 silly get cb [ 200,
23 silly get   { server: 'CouchDB/1.5.0 (Erlang OTP/R16B03)',
23 silly get     etag: '"A2DH0SAOSR5HPS8WN77QCV8XN"',
23 silly get     'content-type': 'application/json',
23 silly get     'cache-control': 'max-age=60',
23 silly get     'content-length': '41572',
23 silly get     'accept-ranges': 'bytes',
23 silly get     date: 'Thu, 10 Sep 2015 14:06:45 GMT',
23 silly get     via: '1.1 varnish',
23 silly get     age: '46',
23 silly get     connection: 'keep-alive',
23 silly get     'x-served-by': 'cache-atl6229-ATL',
23 silly get     'x-cache': 'HIT',
23 silly get     'x-cache-hits': '192',
23 silly get     'x-timer': 'S1441894005.221923,VS0,VE0',
23 silly get     vary: 'Accept' } ]
24 verbose get saving requirejs to /home/vagrant/.npm/registry.npmjs.org/requirejs/.cache.json
25 silly addNameRange number 2 { name: 'requirejs', range: '*', hasData: true }
26 silly addNameRange versions [ 'requirejs',
26 silly addNameRange   [ '0.26.0',
26 silly addNameRange     '0.27.0',
26 silly addNameRange     '0.27.1',
26 silly addNameRange     '1.0.0',
26 silly addNameRange     '1.0.1',
26 silly addNameRange     '1.0.2',
26 silly addNameRange     '1.0.3',
26 silly addNameRange     '1.0.4',
26 silly addNameRange     '1.0.5',
26 silly addNameRange     '1.0.6',
26 silly addNameRange     '1.0.7',
26 silly addNameRange     '1.0.8',
26 silly addNameRange     '2.0.0',
26 silly addNameRange     '2.0.1',
26 silly addNameRange     '2.0.2',
26 silly addNameRange     '2.0.3',
26 silly addNameRange     '2.0.4',
26 silly addNameRange     '2.0.5',
26 silly addNameRange     '2.0.6',
26 silly addNameRange     '2.1.0',
26 silly addNameRange     '2.1.1',
26 silly addNameRange     '2.1.2',
26 silly addNameRange     '2.1.3',
26 silly addNameRange     '2.1.4',
26 silly addNameRange     '2.1.5',
26 silly addNameRange     '2.1.6',
26 silly addNameRange     '2.1.7',
26 silly addNameRange     '2.1.8',
26 silly addNameRange     '2.1.9',
26 silly addNameRange     '2.1.10',
26 silly addNameRange     '2.1.11',
26 silly addNameRange     '2.1.12',
26 silly addNameRange     '2.1.13',
26 silly addNameRange     '2.1.14',
26 silly addNameRange     '2.1.15',
26 silly addNameRange     '2.1.16',
26 silly addNameRange     '2.1.17',
26 silly addNameRange     '2.1.18',
26 silly addNameRange     '2.1.19',
26 silly addNameRange     '2.1.20' ] ]
27 silly addNamed requirejs@2.1.20
28 verbose addNamed "2.1.20" is a plain semver version for requirejs
29 silly mapToRegistry name requirejs
30 silly mapToRegistry using default registry
31 silly mapToRegistry registry https://registry.npmjs.org/
32 silly mapToRegistry uri https://registry.npmjs.org/requirejs
33 verbose addRemoteTarball https://registry.npmjs.org/requirejs/-/requirejs-2.1.20.tgz not in flight; adding
34 verbose addRemoteTarball [ 'https://registry.npmjs.org/requirejs/-/requirejs-2.1.20.tgz',
34 verbose addRemoteTarball   '114822c917ec8793450b2daaa1eb9bbf1101e931' ]
35 info retry fetch attempt 1 at 09:06:46
36 info attempt registry request try #1 at 09:06:46
37 http fetch GET https://registry.npmjs.org/requirejs/-/requirejs-2.1.20.tgz
38 http fetch 200 https://registry.npmjs.org/requirejs/-/requirejs-2.1.20.tgz
39 silly fetchAndShaCheck shasum 114822c917ec8793450b2daaa1eb9bbf1101e931
40 verbose addTmpTarball /tmp/npm-2546-3b7d4ece/registry.npmjs.org/requirejs/-/requirejs-2.1.20.tgz not in flight; adding
41 verbose addTmpTarball already have metadata; skipping unpack for requirejs@2.1.20
42 silly cache afterAdd requirejs@2.1.20
43 verbose afterAdd /home/vagrant/.npm/requirejs/2.1.20/package/package.json not in flight; writing
44 verbose afterAdd /home/vagrant/.npm/requirejs/2.1.20/package/package.json written
45 silly install resolved [ { name: 'requirejs',
45 silly install resolved     description: 'Node adapter for RequireJS, for loading AMD modules. Includes RequireJS optimizer',
45 silly install resolved     version: '2.1.20',
45 silly install resolved     homepage: 'http://github.com/jrburke/r.js',
45 silly install resolved     author:
45 silly install resolved      { name: 'James Burke',
45 silly install resolved        email: 'jrburke@gmail.com',
45 silly install resolved        url: 'http://github.com/jrburke' },
45 silly install resolved     licenses: [ [Object], [Object] ],
45 silly install resolved     repository: { type: 'git', url: 'git+https://github.com/jrburke/r.js.git' },
45 silly install resolved     main: './bin/r.js',
45 silly install resolved     bin: { 'r.js': './bin/r.js' },
45 silly install resolved     engines: { node: '>=0.4.0' },
45 silly install resolved     bugs: { url: 'https://github.com/jrburke/r.js/issues' },
45 silly install resolved     _id: 'requirejs@2.1.20',
45 silly install resolved     scripts: {},
45 silly install resolved     _shasum: '114822c917ec8793450b2daaa1eb9bbf1101e931',
45 silly install resolved     _from: 'requirejs@*',
45 silly install resolved     _npmVersion: '2.12.1',
45 silly install resolved     _nodeVersion: '0.10.36',
45 silly install resolved     _npmUser: { name: 'jrburke', email: 'jrburke@gmail.com' },
45 silly install resolved     maintainers: [ [Object] ],
45 silly install resolved     dist:
45 silly install resolved      { shasum: '114822c917ec8793450b2daaa1eb9bbf1101e931',
45 silly install resolved        tarball: 'http://registry.npmjs.org/requirejs/-/requirejs-2.1.20.tgz' },
45 silly install resolved     directories: {},
45 silly install resolved     _resolved: 'https://registry.npmjs.org/requirejs/-/requirejs-2.1.20.tgz' } ]
46 info install requirejs@2.1.20 into /usr/local/lib
47 info installOne requirejs@2.1.20
48 verbose installOne of requirejs to /usr/local/lib not in flight; installing
49 verbose lock using /home/vagrant/.npm/_locks/requirejs-ce2a5f017f571c77.lock for /usr/local/lib/node_modules/requirejs
50 silly install write writing requirejs 2.1.20 to /usr/local/lib/node_modules/requirejs
51 verbose unbuild lib/node_modules/requirejs
52 silly gentlyRm /usr/local/lib/node_modules/requirejs is being purged from base /usr/local
53 verbose gentlyRm don't care about contents; nuking /usr/local/lib/node_modules/requirejs
54 verbose tar unpack /home/vagrant/.npm/requirejs/2.1.20/package.tgz
55 verbose tar unpacking to /usr/local/lib/node_modules/requirejs
56 silly gentlyRm /usr/local/lib/node_modules/requirejs is being purged
57 verbose gentlyRm don't care about contents; nuking /usr/local/lib/node_modules/requirejs
58 silly gunzTarPerm modes [ '775', '664' ]
59 error tar.unpack untar error /home/vagrant/.npm/requirejs/2.1.20/package.tgz
60 verbose unlock done using /home/vagrant/.npm/_locks/requirejs-ce2a5f017f571c77.lock for /usr/local/lib/node_modules/requirejs
61 verbose fstream_path /usr/local/lib/node_modules/requirejs
62 verbose fstream_type Directory
63 verbose fstream_class DirWriter
64 verbose stack Error: EACCES, mkdir '/usr/local/lib/node_modules/requirejs'
64 verbose stack     at Error (native)
65 verbose fstream_stack /usr/local/lib/node_modules/npm/node_modules/fstream/lib/dir-writer.js:36:23
65 verbose fstream_stack /usr/local/lib/node_modules/npm/node_modules/mkdirp/index.js:46:53
65 verbose fstream_stack FSReqWrap.oncomplete (fs.js:95:15)
66 verbose cwd /vagrant/Music-History-Angular
67 error Linux 3.16.0-30-generic
68 error argv "/usr/local/bin/node" "/usr/local/bin/npm" "install" "-g" "requirejs"
69 error node v0.12.3
70 error npm  v2.9.1
71 error path /usr/local/lib/node_modules/requirejs
72 error code EACCES
73 error errno -13
74 error Error: EACCES, mkdir '/usr/local/lib/node_modules/requirejs'
74 error     at Error (native)
74 error  { [Error: EACCES, mkdir '/usr/local/lib/node_modules/requirejs']
74 error   errno: -13,
74 error   code: 'EACCES',
74 error   path: '/usr/local/lib/node_modules/requirejs',
74 error   fstream_type: 'Directory',
74 error   fstream_path: '/usr/local/lib/node_modules/requirejs',
74 error   fstream_class: 'DirWriter',
74 error   fstream_stack:
74 error    [ '/usr/local/lib/node_modules/npm/node_modules/fstream/lib/dir-writer.js:36:23',
74 error      '/usr/local/lib/node_modules/npm/node_modules/mkdirp/index.js:46:53',
74 error      'FSReqWrap.oncomplete (fs.js:95:15)' ] }
75 error Please try running this command again as root/Administrator.
76 verbose exit [ -13, true ]
77 verbose unbuild lib/node_modules/requirejs
78 silly gentlyRm /usr/local/lib/node_modules/requirejs is being purged from base /usr/local
79 verbose gentlyRm don't care about contents; nuking /usr/local/lib/node_modules/requirejs
